<?xml version="1.0" encoding="UTF-8"?>
<!-- Generated by org.testng.reporters.JUnitXMLReporter -->
<testsuite hostname="Srinivasans-MacBook-Pro.local" ignored="0" name="Chrome Tests" tests="2" failures="0" timestamp="2023-11-14T09:36:38 SGT" time="14.142" errors="0">
  <testcase name="runScenario" time="2.189" classname="io.cucumber.testng.AbstractTestNGCucumberTests"/>
  <testcase name="runScenario" time="5.227" classname="io.cucumber.testng.AbstractTestNGCucumberTests"/>
</testsuite> <!-- Chrome Tests -->
