<?xml version="1.0" encoding="UTF-8"?>
<!-- Generated by org.testng.reporters.JUnitXMLReporter -->
<testsuite hostname="Srinivasans-MacBook-Pro.local" ignored="0" name="Chrome Tests" tests="2" failures="0" timestamp="2023-11-14T09:16:01 SGT" time="13.927" errors="0">
  <testcase name="runScenario" time="2.433" classname="io.cucumber.testng.AbstractTestNGCucumberTests"/>
  <testcase name="runScenario" time="5.429" classname="io.cucumber.testng.AbstractTestNGCucumberTests"/>
</testsuite> <!-- Chrome Tests -->
