<?xml version="1.0" encoding="UTF-8"?>
<!-- Generated by org.testng.reporters.JUnitXMLReporter -->
<testsuite hostname="Srinivasans-MacBook-Pro.local" ignored="0" name="Chrome Tests" tests="2" failures="0" timestamp="2023-11-14T02:02:05 SGT" time="13.091" errors="0">
  <testcase name="runScenario" time="2.901" classname="io.cucumber.testng.AbstractTestNGCucumberTests"/>
  <testcase name="runScenario" time="4.279" classname="io.cucumber.testng.AbstractTestNGCucumberTests"/>
</testsuite> <!-- Chrome Tests -->
