<?xml version="1.0" encoding="UTF-8"?>
<!-- Generated by org.testng.reporters.JUnitXMLReporter -->
<testsuite hostname="Srinivasans-MacBook-Pro.local" ignored="0" name="Chrome Tests" tests="3" failures="0" timestamp="2023-11-14T13:10:47 SGT" time="39.918" errors="0">
  <testcase name="runScenario" time="5.862" classname="io.cucumber.testng.AbstractTestNGCucumberTests"/>
  <testcase name="runScenario" time="1.503" classname="io.cucumber.testng.AbstractTestNGCucumberTests"/>
  <testcase name="runScenario" time="9.405" classname="io.cucumber.testng.AbstractTestNGCucumberTests"/>
</testsuite> <!-- Chrome Tests -->
