<?xml version="1.0" encoding="UTF-8"?>
<testng-results skipped="0" failed="0" ignored="0" total="2" passed="2">
  <reporter-output>
  </reporter-output>
  <suite name="AngloAmerican" duration-ms="13091" started-at="2023-11-14T02:01:52 SGT" finished-at="2023-11-14T02:02:05 SGT">
    <groups>
      <group name="cucumber">
        <method signature="AbstractTestNGCucumberTests.runScenario(io.cucumber.testng.PickleWrapper, io.cucumber.testng.FeatureWrapper)[pri:0, instance:test.Tests@2a17b7b6]" name="runScenario" class="io.cucumber.testng.AbstractTestNGCucumberTests"/>
      </group> <!-- cucumber -->
    </groups>
    <test name="Chrome Tests" duration-ms="13091" started-at="2023-11-14T02:01:52 SGT" finished-at="2023-11-14T02:02:05 SGT">
      <class name="test.Tests">
        <test-method status="PASS" signature="setUpClass()[pri:0, instance:test.Tests@2a17b7b6]" name="setUpClass" is-config="true" duration-ms="246" started-at="2023-11-14T02:01:52 SGT" finished-at="2023-11-14T02:01:52 SGT">
          <reporter-output>
          </reporter-output>
        </test-method> <!-- setUpClass -->
        <test-method status="PASS" signature="InitiateBrowser(java.lang.String)[pri:0, instance:test.Tests@2a17b7b6]" name="InitiateBrowser" is-config="true" duration-ms="7401" started-at="2023-11-14T02:01:53 SGT" finished-at="2023-11-14T02:02:00 SGT">
          <params>
            <param index="0">
              <value>
                <![CDATA[chrome]]>
              </value>
            </param>
          </params>
          <reporter-output>
          </reporter-output>
        </test-method> <!-- InitiateBrowser -->
        <test-method status="PASS" signature="InitiateBrowser(java.lang.String)[pri:0, instance:test.Tests@2a17b7b6]" name="InitiateBrowser" is-config="true" duration-ms="7995" started-at="2023-11-14T02:01:53 SGT" finished-at="2023-11-14T02:02:01 SGT">
          <params>
            <param index="0">
              <value>
                <![CDATA[chrome]]>
              </value>
            </param>
          </params>
          <reporter-output>
          </reporter-output>
        </test-method> <!-- InitiateBrowser -->
        <test-method status="PASS" signature="runScenario(io.cucumber.testng.PickleWrapper, io.cucumber.testng.FeatureWrapper)[pri:0, instance:test.Tests@2a17b7b6]" name="runScenario" duration-ms="2901" started-at="2023-11-14T02:02:00 SGT" description="Runs Cucumber Scenarios" data-provider="scenarios" finished-at="2023-11-14T02:02:03 SGT">
          <params>
            <param index="0">
              <value>
                <![CDATA["To verify the filter in home page"]]>
              </value>
            </param>
            <param index="1">
              <value>
                <![CDATA["Verify filter functionality"]]>
              </value>
            </param>
          </params>
          <reporter-output>
          </reporter-output>
        </test-method> <!-- runScenario -->
        <test-method status="PASS" signature="runScenario(io.cucumber.testng.PickleWrapper, io.cucumber.testng.FeatureWrapper)[pri:0, instance:test.Tests@2a17b7b6]" name="runScenario" duration-ms="4279" started-at="2023-11-14T02:02:01 SGT" description="Runs Cucumber Scenarios" data-provider="scenarios" finished-at="2023-11-14T02:02:05 SGT">
          <params>
            <param index="0">
              <value>
                <![CDATA["Checkout of sale prodduct"]]>
              </value>
            </param>
            <param index="1">
              <value>
                <![CDATA["Sale product checkout"]]>
              </value>
            </param>
          </params>
          <reporter-output>
          </reporter-output>
        </test-method> <!-- runScenario -->
        <test-method status="PASS" signature="CloseSession()[pri:0, instance:test.Tests@2a17b7b6]" name="CloseSession" is-config="true" duration-ms="249" started-at="2023-11-14T02:02:03 SGT" finished-at="2023-11-14T02:02:03 SGT">
          <reporter-output>
          </reporter-output>
        </test-method> <!-- CloseSession -->
        <test-method status="PASS" signature="CloseSession()[pri:0, instance:test.Tests@2a17b7b6]" name="CloseSession" is-config="true" duration-ms="190" started-at="2023-11-14T02:02:05 SGT" finished-at="2023-11-14T02:02:05 SGT">
          <reporter-output>
          </reporter-output>
        </test-method> <!-- CloseSession -->
        <test-method status="PASS" signature="tearDownClass()[pri:0, instance:test.Tests@2a17b7b6]" name="tearDownClass" is-config="true" duration-ms="105" started-at="2023-11-14T02:02:05 SGT" finished-at="2023-11-14T02:02:05 SGT">
          <reporter-output>
          </reporter-output>
        </test-method> <!-- tearDownClass -->
        <test-method status="PASS" signature="EndReport()[pri:0, instance:test.Tests@2a17b7b6]" name="EndReport" is-config="true" duration-ms="1" started-at="2023-11-14T02:02:05 SGT" finished-at="2023-11-14T02:02:05 SGT">
          <reporter-output>
          </reporter-output>
        </test-method> <!-- EndReport -->
      </class> <!-- test.Tests -->
    </test> <!-- Chrome Tests -->
  </suite> <!-- AngloAmerican -->
</testng-results>
