<?xml version="1.0" encoding="UTF-8"?>
<testng-results skipped="0" failed="0" ignored="0" total="3" passed="3">
  <reporter-output>
  </reporter-output>
  <suite name="AngloAmerican" duration-ms="39918" started-at="2023-11-14T13:10:07 SGT" finished-at="2023-11-14T13:10:47 SGT">
    <groups>
      <group name="cucumber">
        <method signature="AbstractTestNGCucumberTests.runScenario(io.cucumber.testng.PickleWrapper, io.cucumber.testng.FeatureWrapper)[pri:0, instance:test.Tests@2a17b7b6]" name="runScenario" class="io.cucumber.testng.AbstractTestNGCucumberTests"/>
      </group> <!-- cucumber -->
    </groups>
    <test name="Chrome Tests" duration-ms="39918" started-at="2023-11-14T13:10:07 SGT" finished-at="2023-11-14T13:10:47 SGT">
      <class name="test.Tests">
        <test-method status="PASS" signature="setUpClass()[pri:0, instance:test.Tests@2a17b7b6]" name="setUpClass" is-config="true" duration-ms="242" started-at="2023-11-14T13:10:07 SGT" finished-at="2023-11-14T13:10:07 SGT">
          <reporter-output>
          </reporter-output>
        </test-method> <!-- setUpClass -->
        <test-method status="PASS" signature="InitiateBrowser(java.lang.String)[pri:0, instance:test.Tests@2a17b7b6]" name="InitiateBrowser" is-config="true" duration-ms="6622" started-at="2023-11-14T13:10:07 SGT" finished-at="2023-11-14T13:10:14 SGT">
          <params>
            <param index="0">
              <value>
                <![CDATA[chrome]]>
              </value>
            </param>
          </params>
          <reporter-output>
          </reporter-output>
        </test-method> <!-- InitiateBrowser -->
        <test-method status="PASS" signature="runScenario(io.cucumber.testng.PickleWrapper, io.cucumber.testng.FeatureWrapper)[pri:0, instance:test.Tests@2a17b7b6]" name="runScenario" duration-ms="5862" started-at="2023-11-14T13:10:14 SGT" description="Runs Cucumber Scenarios" data-provider="scenarios" finished-at="2023-11-14T13:10:20 SGT">
          <params>
            <param index="0">
              <value>
                <![CDATA["Add sale product to cart and verify total amount"]]>
              </value>
            </param>
            <param index="1">
              <value>
                <![CDATA["Checkout sales product and verify the cart"]]>
              </value>
            </param>
          </params>
          <reporter-output>
          </reporter-output>
        </test-method> <!-- runScenario -->
        <test-method status="PASS" signature="CloseSession()[pri:0, instance:test.Tests@2a17b7b6]" name="CloseSession" is-config="true" duration-ms="215" started-at="2023-11-14T13:10:20 SGT" finished-at="2023-11-14T13:10:20 SGT">
          <reporter-output>
          </reporter-output>
        </test-method> <!-- CloseSession -->
        <test-method status="PASS" signature="InitiateBrowser(java.lang.String)[pri:0, instance:test.Tests@2a17b7b6]" name="InitiateBrowser" is-config="true" duration-ms="8186" started-at="2023-11-14T13:10:20 SGT" finished-at="2023-11-14T13:10:28 SGT">
          <params>
            <param index="0">
              <value>
                <![CDATA[chrome]]>
              </value>
            </param>
          </params>
          <reporter-output>
          </reporter-output>
        </test-method> <!-- InitiateBrowser -->
        <test-method status="PASS" signature="runScenario(io.cucumber.testng.PickleWrapper, io.cucumber.testng.FeatureWrapper)[pri:0, instance:test.Tests@2a17b7b6]" name="runScenario" duration-ms="1503" started-at="2023-11-14T13:10:28 SGT" description="Runs Cucumber Scenarios" data-provider="scenarios" finished-at="2023-11-14T13:10:30 SGT">
          <params>
            <param index="0">
              <value>
                <![CDATA["To verify the filter in home page"]]>
              </value>
            </param>
            <param index="1">
              <value>
                <![CDATA["Verify filter functionality"]]>
              </value>
            </param>
          </params>
          <reporter-output>
          </reporter-output>
        </test-method> <!-- runScenario -->
        <test-method status="PASS" signature="CloseSession()[pri:0, instance:test.Tests@2a17b7b6]" name="CloseSession" is-config="true" duration-ms="179" started-at="2023-11-14T13:10:30 SGT" finished-at="2023-11-14T13:10:30 SGT">
          <reporter-output>
          </reporter-output>
        </test-method> <!-- CloseSession -->
        <test-method status="PASS" signature="InitiateBrowser(java.lang.String)[pri:0, instance:test.Tests@2a17b7b6]" name="InitiateBrowser" is-config="true" duration-ms="7001" started-at="2023-11-14T13:10:30 SGT" finished-at="2023-11-14T13:10:37 SGT">
          <params>
            <param index="0">
              <value>
                <![CDATA[chrome]]>
              </value>
            </param>
          </params>
          <reporter-output>
          </reporter-output>
        </test-method> <!-- InitiateBrowser -->
        <test-method status="PASS" signature="runScenario(io.cucumber.testng.PickleWrapper, io.cucumber.testng.FeatureWrapper)[pri:0, instance:test.Tests@2a17b7b6]" name="runScenario" duration-ms="9405" started-at="2023-11-14T13:10:37 SGT" description="Runs Cucumber Scenarios" data-provider="scenarios" finished-at="2023-11-14T13:10:46 SGT">
          <params>
            <param index="0">
              <value>
                <![CDATA["To verify sucessful order as Guest"]]>
              </value>
            </param>
            <param index="1">
              <value>
                <![CDATA["End to end order scenario as Guest"]]>
              </value>
            </param>
          </params>
          <reporter-output>
          </reporter-output>
        </test-method> <!-- runScenario -->
        <test-method status="PASS" signature="CloseSession()[pri:0, instance:test.Tests@2a17b7b6]" name="CloseSession" is-config="true" duration-ms="203" started-at="2023-11-14T13:10:46 SGT" finished-at="2023-11-14T13:10:47 SGT">
          <reporter-output>
          </reporter-output>
        </test-method> <!-- CloseSession -->
        <test-method status="PASS" signature="tearDownClass()[pri:0, instance:test.Tests@2a17b7b6]" name="tearDownClass" is-config="true" duration-ms="118" started-at="2023-11-14T13:10:47 SGT" finished-at="2023-11-14T13:10:47 SGT">
          <reporter-output>
          </reporter-output>
        </test-method> <!-- tearDownClass -->
        <test-method status="PASS" signature="EndReport()[pri:0, instance:test.Tests@2a17b7b6]" name="EndReport" is-config="true" duration-ms="2" started-at="2023-11-14T13:10:47 SGT" finished-at="2023-11-14T13:10:47 SGT">
          <reporter-output>
          </reporter-output>
        </test-method> <!-- EndReport -->
      </class> <!-- test.Tests -->
    </test> <!-- Chrome Tests -->
  </suite> <!-- AngloAmerican -->
</testng-results>
