<?xml version="1.0" encoding="UTF-8"?>
<testng-results skipped="0" failed="0" ignored="0" total="1" passed="1">
  <reporter-output>
  </reporter-output>
  <suite name="AngloAmerican" duration-ms="17359" started-at="2023-11-14T13:05:45 SGT" finished-at="2023-11-14T13:06:02 SGT">
    <groups>
      <group name="cucumber">
        <method signature="AbstractTestNGCucumberTests.runScenario(io.cucumber.testng.PickleWrapper, io.cucumber.testng.FeatureWrapper)[pri:0, instance:test.Tests@77ec78b9]" name="runScenario" class="io.cucumber.testng.AbstractTestNGCucumberTests"/>
      </group> <!-- cucumber -->
    </groups>
    <test name="Chrome Tests" duration-ms="17359" started-at="2023-11-14T13:05:45 SGT" finished-at="2023-11-14T13:06:02 SGT">
      <class name="test.Tests">
        <test-method status="PASS" signature="setUpClass()[pri:0, instance:test.Tests@77ec78b9]" name="setUpClass" is-config="true" duration-ms="221" started-at="2023-11-14T13:05:45 SGT" finished-at="2023-11-14T13:05:45 SGT">
          <reporter-output>
          </reporter-output>
        </test-method> <!-- setUpClass -->
        <test-method status="PASS" signature="InitiateBrowser(java.lang.String)[pri:0, instance:test.Tests@77ec78b9]" name="InitiateBrowser" is-config="true" duration-ms="7119" started-at="2023-11-14T13:05:45 SGT" finished-at="2023-11-14T13:05:52 SGT">
          <params>
            <param index="0">
              <value>
                <![CDATA[chrome]]>
              </value>
            </param>
          </params>
          <reporter-output>
          </reporter-output>
        </test-method> <!-- InitiateBrowser -->
        <test-method status="PASS" signature="runScenario(io.cucumber.testng.PickleWrapper, io.cucumber.testng.FeatureWrapper)[pri:0, instance:test.Tests@77ec78b9]" name="runScenario" duration-ms="9352" started-at="2023-11-14T13:05:52 SGT" description="Runs Cucumber Scenarios" data-provider="scenarios" finished-at="2023-11-14T13:06:02 SGT">
          <params>
            <param index="0">
              <value>
                <![CDATA["To verify sucessful order as Guest"]]>
              </value>
            </param>
            <param index="1">
              <value>
                <![CDATA["End to end order scenario as Guest"]]>
              </value>
            </param>
          </params>
          <reporter-output>
          </reporter-output>
        </test-method> <!-- runScenario -->
        <test-method status="PASS" signature="CloseSession()[pri:0, instance:test.Tests@77ec78b9]" name="CloseSession" is-config="true" duration-ms="237" started-at="2023-11-14T13:06:02 SGT" finished-at="2023-11-14T13:06:02 SGT">
          <reporter-output>
          </reporter-output>
        </test-method> <!-- CloseSession -->
        <test-method status="PASS" signature="tearDownClass()[pri:0, instance:test.Tests@77ec78b9]" name="tearDownClass" is-config="true" duration-ms="176" started-at="2023-11-14T13:06:02 SGT" finished-at="2023-11-14T13:06:02 SGT">
          <reporter-output>
          </reporter-output>
        </test-method> <!-- tearDownClass -->
        <test-method status="PASS" signature="EndReport()[pri:0, instance:test.Tests@77ec78b9]" name="EndReport" is-config="true" duration-ms="2" started-at="2023-11-14T13:06:02 SGT" finished-at="2023-11-14T13:06:02 SGT">
          <reporter-output>
          </reporter-output>
        </test-method> <!-- EndReport -->
      </class> <!-- test.Tests -->
    </test> <!-- Chrome Tests -->
  </suite> <!-- AngloAmerican -->
</testng-results>
