<?xml version="1.0" encoding="UTF-8"?>
<testng-results skipped="0" failed="0" ignored="0" total="2" passed="2">
  <reporter-output>
  </reporter-output>
  <suite name="AngloAmerican" duration-ms="15589" started-at="2023-11-14T09:09:20 SGT" finished-at="2023-11-14T09:09:35 SGT">
    <groups>
      <group name="cucumber">
        <method signature="AbstractTestNGCucumberTests.runScenario(io.cucumber.testng.PickleWrapper, io.cucumber.testng.FeatureWrapper)[pri:0, instance:test.Tests@77ec78b9]" name="runScenario" class="io.cucumber.testng.AbstractTestNGCucumberTests"/>
      </group> <!-- cucumber -->
    </groups>
    <test name="Chrome Tests" duration-ms="15589" started-at="2023-11-14T09:09:20 SGT" finished-at="2023-11-14T09:09:35 SGT">
      <class name="test.Tests">
        <test-method status="PASS" signature="setUpClass()[pri:0, instance:test.Tests@77ec78b9]" name="setUpClass" is-config="true" duration-ms="228" started-at="2023-11-14T09:09:20 SGT" finished-at="2023-11-14T09:09:20 SGT">
          <reporter-output>
          </reporter-output>
        </test-method> <!-- setUpClass -->
        <test-method status="PASS" signature="InitiateBrowser(java.lang.String)[pri:0, instance:test.Tests@77ec78b9]" name="InitiateBrowser" is-config="true" duration-ms="7691" started-at="2023-11-14T09:09:20 SGT" finished-at="2023-11-14T09:09:28 SGT">
          <params>
            <param index="0">
              <value>
                <![CDATA[chrome]]>
              </value>
            </param>
          </params>
          <reporter-output>
          </reporter-output>
        </test-method> <!-- InitiateBrowser -->
        <test-method status="PASS" signature="InitiateBrowser(java.lang.String)[pri:0, instance:test.Tests@77ec78b9]" name="InitiateBrowser" is-config="true" duration-ms="6852" started-at="2023-11-14T09:09:20 SGT" finished-at="2023-11-14T09:09:27 SGT">
          <params>
            <param index="0">
              <value>
                <![CDATA[chrome]]>
              </value>
            </param>
          </params>
          <reporter-output>
          </reporter-output>
        </test-method> <!-- InitiateBrowser -->
        <test-method status="PASS" signature="runScenario(io.cucumber.testng.PickleWrapper, io.cucumber.testng.FeatureWrapper)[pri:0, instance:test.Tests@77ec78b9]" name="runScenario" duration-ms="2671" started-at="2023-11-14T09:09:27 SGT" description="Runs Cucumber Scenarios" data-provider="scenarios" finished-at="2023-11-14T09:09:30 SGT">
          <params>
            <param index="0">
              <value>
                <![CDATA["To verify the filter in home page"]]>
              </value>
            </param>
            <param index="1">
              <value>
                <![CDATA["Verify filter functionality"]]>
              </value>
            </param>
          </params>
          <reporter-output>
          </reporter-output>
        </test-method> <!-- runScenario -->
        <test-method status="PASS" signature="runScenario(io.cucumber.testng.PickleWrapper, io.cucumber.testng.FeatureWrapper)[pri:0, instance:test.Tests@77ec78b9]" name="runScenario" duration-ms="7136" started-at="2023-11-14T09:09:28 SGT" description="Runs Cucumber Scenarios" data-provider="scenarios" finished-at="2023-11-14T09:09:35 SGT">
          <params>
            <param index="0">
              <value>
                <![CDATA["Add sale product to cart and verify total amount"]]>
              </value>
            </param>
            <param index="1">
              <value>
                <![CDATA["Checkout sales product and verify the cart"]]>
              </value>
            </param>
          </params>
          <reporter-output>
          </reporter-output>
        </test-method> <!-- runScenario -->
        <test-method status="PASS" signature="CloseSession()[pri:0, instance:test.Tests@77ec78b9]" name="CloseSession" is-config="true" duration-ms="585" started-at="2023-11-14T09:09:30 SGT" finished-at="2023-11-14T09:09:30 SGT">
          <reporter-output>
          </reporter-output>
        </test-method> <!-- CloseSession -->
        <test-method status="PASS" signature="CloseSession()[pri:0, instance:test.Tests@77ec78b9]" name="CloseSession" is-config="true" duration-ms="205" started-at="2023-11-14T09:09:35 SGT" finished-at="2023-11-14T09:09:35 SGT">
          <reporter-output>
          </reporter-output>
        </test-method> <!-- CloseSession -->
        <test-method status="PASS" signature="tearDownClass()[pri:0, instance:test.Tests@77ec78b9]" name="tearDownClass" is-config="true" duration-ms="102" started-at="2023-11-14T09:09:35 SGT" finished-at="2023-11-14T09:09:35 SGT">
          <reporter-output>
          </reporter-output>
        </test-method> <!-- tearDownClass -->
        <test-method status="PASS" signature="EndReport()[pri:0, instance:test.Tests@77ec78b9]" name="EndReport" is-config="true" duration-ms="1" started-at="2023-11-14T09:09:36 SGT" finished-at="2023-11-14T09:09:36 SGT">
          <reporter-output>
          </reporter-output>
        </test-method> <!-- EndReport -->
      </class> <!-- test.Tests -->
    </test> <!-- Chrome Tests -->
  </suite> <!-- AngloAmerican -->
</testng-results>
